build/app/intermediates/manifest_merge_blame_file/release/manifest-merger-blame-release-report.txt
1<?xml version="1.0" encoding="utf-8"?>
2<manifest xmlns:android="http://schemas.android.com/apk/res/android"
3    package="com.rapit.myproject"
4    android:versionCode="1"
5    android:versionName="1.0.0" >
6
7    <uses-sdk
8        android:minSdkVersion="21"
9        android:targetSdkVersion="35" />
10    <!-- Add location permissions -->
11    <uses-permission android:name="android.permission.ACCESS_FINE_LOCATION" />
11-->src\main\AndroidManifest.xml:4:5-79
11-->src\main\AndroidManifest.xml:4:22-76
12    <uses-permission android:name="android.permission.ACCESS_COARSE_LOCATION" />
12-->src\main\AndroidManifest.xml:5:5-81
12-->src\main\AndroidManifest.xml:5:22-78
13    <uses-permission android:name="android.permission.INTERNET" />
13-->src\main\AndroidManifest.xml:6:5-67
13-->src\main\AndroidManifest.xml:6:22-64
14    <uses-permission android:name="android.permission.ACCESS_NETWORK_STATE" />
14-->src\main\AndroidManifest.xml:7:5-79
14-->src\main\AndroidManifest.xml:7:22-76
15    <!-- Add camera and storage permissions -->
16    <uses-permission android:name="android.permission.CAMERA" />
16-->src\main\AndroidManifest.xml:9:5-65
16-->src\main\AndroidManifest.xml:9:22-62
17    <uses-permission android:name="android.permission.READ_EXTERNAL_STORAGE" />
17-->src\main\AndroidManifest.xml:10:5-80
17-->src\main\AndroidManifest.xml:10:22-77
18    <uses-permission android:name="android.permission.WRITE_EXTERNAL_STORAGE" />
18-->src\main\AndroidManifest.xml:11:5-81
18-->src\main\AndroidManifest.xml:11:22-78
19    <!--
20         Required to query activities that can process text, see:
21         https://developer.android.com/training/package-visibility and
22         https://developer.android.com/reference/android/content/Intent#ACTION_PROCESS_TEXT.
23
24         In particular, this is used by the Flutter engine in io.flutter.plugin.text.ProcessTextPlugin.
25    -->
26    <queries>
26-->src\main\AndroidManifest.xml:58:5-63:15
27        <intent>
27-->src\main\AndroidManifest.xml:59:9-62:18
28            <action android:name="android.intent.action.PROCESS_TEXT" />
28-->src\main\AndroidManifest.xml:60:13-72
28-->src\main\AndroidManifest.xml:60:21-70
29
30            <data android:mimeType="text/plain" />
30-->src\main\AndroidManifest.xml:61:13-50
30-->src\main\AndroidManifest.xml:61:19-48
31        </intent>
32        <!-- Needs to be explicitly declared on Android R+ -->
33        <package android:name="com.google.android.apps.maps" />
33-->[com.google.android.gms:play-services-maps:18.2.0] AndroidManifest.xml:33:9-64
33-->[com.google.android.gms:play-services-maps:18.2.0] AndroidManifest.xml:33:18-61
34        <package android:name="com.facebook.katana" />
34-->[com.facebook.android:facebook-common:17.0.0] AndroidManifest.xml:18:9-55
34-->[com.facebook.android:facebook-common:17.0.0] AndroidManifest.xml:18:18-52
35    </queries>
36
37    <uses-feature
37-->[com.google.android.gms:play-services-maps:18.2.0] AndroidManifest.xml:26:5-28:35
38        android:glEsVersion="0x00020000"
38-->[com.google.android.gms:play-services-maps:18.2.0] AndroidManifest.xml:27:9-41
39        android:required="true" />
39-->[com.google.android.gms:play-services-maps:18.2.0] AndroidManifest.xml:28:9-32
40
41    <uses-permission android:name="android.permission.WAKE_LOCK" />
41-->[com.google.android.gms:play-services-measurement-api:21.6.1] AndroidManifest.xml:24:5-68
41-->[com.google.android.gms:play-services-measurement-api:21.6.1] AndroidManifest.xml:24:22-65
42    <uses-permission android:name="com.google.android.gms.permission.AD_ID" />
42-->[com.google.android.gms:play-services-measurement-api:21.6.1] AndroidManifest.xml:25:5-79
42-->[com.google.android.gms:play-services-measurement-api:21.6.1] AndroidManifest.xml:25:22-76
43    <uses-permission android:name="android.permission.ACCESS_ADSERVICES_ATTRIBUTION" />
43-->[com.google.android.gms:play-services-measurement-api:21.6.1] AndroidManifest.xml:26:5-88
43-->[com.google.android.gms:play-services-measurement-api:21.6.1] AndroidManifest.xml:26:22-85
44    <uses-permission android:name="android.permission.ACCESS_ADSERVICES_AD_ID" />
44-->[com.google.android.gms:play-services-measurement-api:21.6.1] AndroidManifest.xml:27:5-82
44-->[com.google.android.gms:play-services-measurement-api:21.6.1] AndroidManifest.xml:27:22-79
45    <uses-permission android:name="com.google.android.providers.gsf.permission.READ_GSERVICES" />
45-->[com.google.android.recaptcha:recaptcha:18.4.0] AndroidManifest.xml:9:5-98
45-->[com.google.android.recaptcha:recaptcha:18.4.0] AndroidManifest.xml:9:22-95
46    <uses-permission android:name="com.google.android.finsky.permission.BIND_GET_INSTALL_REFERRER_SERVICE" />
46-->[com.google.android.gms:play-services-measurement:21.6.1] AndroidManifest.xml:26:5-110
46-->[com.google.android.gms:play-services-measurement:21.6.1] AndroidManifest.xml:26:22-107
47
48    <permission
48-->[androidx.core:core:1.13.1] AndroidManifest.xml:22:5-24:47
49        android:name="com.rapit.myproject.DYNAMIC_RECEIVER_NOT_EXPORTED_PERMISSION"
49-->[androidx.core:core:1.13.1] AndroidManifest.xml:23:9-81
50        android:protectionLevel="signature" />
50-->[androidx.core:core:1.13.1] AndroidManifest.xml:24:9-44
51
52    <uses-permission android:name="com.rapit.myproject.DYNAMIC_RECEIVER_NOT_EXPORTED_PERMISSION" />
52-->[androidx.core:core:1.13.1] AndroidManifest.xml:26:5-97
52-->[androidx.core:core:1.13.1] AndroidManifest.xml:26:22-94
53
54    <application
55        android:name="android.app.Application"
55-->src\main\AndroidManifest.xml:15:9-42
56        android:appComponentFactory="androidx.core.app.CoreComponentFactory"
56-->[androidx.core:core:1.13.1] AndroidManifest.xml:28:18-86
57        android:enableOnBackInvokedCallback="true"
57-->src\main\AndroidManifest.xml:18:9-51
58        android:extractNativeLibs="true"
59        android:icon="@mipmap/ic_launcher"
59-->src\main\AndroidManifest.xml:16:9-43
60        android:label="Rapit"
60-->src\main\AndroidManifest.xml:14:9-30
61        android:requestLegacyExternalStorage="true"
61-->src\main\AndroidManifest.xml:17:9-52
62        android:supportsRtl="true" >
62-->[com.facebook.android:facebook-login:17.0.0] AndroidManifest.xml:16:18-44
63
64        <!-- Add Google Maps API key -->
65        <meta-data
65-->src\main\AndroidManifest.xml:21:9-23:71
66            android:name="com.google.android.geo.API_KEY"
66-->src\main\AndroidManifest.xml:22:13-58
67            android:value="AIzaSyDmAgcdWHE5NPhoYMLzXlfcoL2TjQScTcE" />
67-->src\main\AndroidManifest.xml:23:13-68
68
69        <activity
69-->src\main\AndroidManifest.xml:25:9-46:20
70            android:name="com.rapit.myproject.MainActivity"
70-->src\main\AndroidManifest.xml:26:13-41
71            android:configChanges="orientation|keyboardHidden|keyboard|screenSize|smallestScreenSize|locale|layoutDirection|fontScale|screenLayout|density|uiMode"
71-->src\main\AndroidManifest.xml:31:13-163
72            android:exported="true"
72-->src\main\AndroidManifest.xml:27:13-36
73            android:hardwareAccelerated="true"
73-->src\main\AndroidManifest.xml:32:13-47
74            android:launchMode="singleTop"
74-->src\main\AndroidManifest.xml:28:13-43
75            android:taskAffinity=""
75-->src\main\AndroidManifest.xml:29:13-36
76            android:theme="@style/LaunchTheme"
76-->src\main\AndroidManifest.xml:30:13-47
77            android:windowSoftInputMode="adjustResize" >
77-->src\main\AndroidManifest.xml:33:13-55
78
79            <!--
80                 Specifies an Android theme to apply to this Activity as soon as
81                 the Android process has started. This theme is visible to the user
82                 while the Flutter UI initializes. After that, this theme continues
83                 to determine the Window background behind the Flutter UI.
84            -->
85            <meta-data
85-->src\main\AndroidManifest.xml:38:13-41:19
86                android:name="io.flutter.embedding.android.NormalTheme"
86-->src\main\AndroidManifest.xml:39:17-72
87                android:resource="@style/NormalTheme" />
87-->src\main\AndroidManifest.xml:40:17-54
88
89            <intent-filter>
89-->src\main\AndroidManifest.xml:42:13-45:29
90                <action android:name="android.intent.action.MAIN" />
90-->src\main\AndroidManifest.xml:43:17-68
90-->src\main\AndroidManifest.xml:43:25-66
91
92                <category android:name="android.intent.category.LAUNCHER" />
92-->src\main\AndroidManifest.xml:44:17-76
92-->src\main\AndroidManifest.xml:44:27-74
93            </intent-filter>
94        </activity>
95        <!--
96             Don't delete the meta-data below.
97             This is used by the Flutter tool to generate GeneratedPluginRegistrant.java
98        -->
99        <meta-data
99-->src\main\AndroidManifest.xml:49:9-51:33
100            android:name="flutterEmbedding"
100-->src\main\AndroidManifest.xml:50:13-44
101            android:value="2" />
101-->src\main\AndroidManifest.xml:51:13-30
102
103        <service
103-->[:cloud_firestore] AndroidManifest.xml:8:9-12:19
104            android:name="com.google.firebase.components.ComponentDiscoveryService"
104-->[:cloud_firestore] AndroidManifest.xml:8:18-89
105            android:directBootAware="true"
105-->[com.google.firebase:firebase-common:20.4.3] AndroidManifest.xml:32:13-43
106            android:exported="false" >
106-->[com.google.firebase:firebase-auth:22.3.1] AndroidManifest.xml:68:13-37
107            <meta-data
107-->[:cloud_firestore] AndroidManifest.xml:9:13-11:85
108                android:name="com.google.firebase.components:io.flutter.plugins.firebase.firestore.FlutterFirebaseFirestoreRegistrar"
108-->[:cloud_firestore] AndroidManifest.xml:10:17-134
109                android:value="com.google.firebase.components.ComponentRegistrar" />
109-->[:cloud_firestore] AndroidManifest.xml:11:17-82
110            <meta-data
110-->[:firebase_app_check] AndroidManifest.xml:9:13-11:85
111                android:name="com.google.firebase.components:io.flutter.plugins.firebase.appcheck.FlutterFirebaseAppRegistrar"
111-->[:firebase_app_check] AndroidManifest.xml:10:17-127
112                android:value="com.google.firebase.components.ComponentRegistrar" />
112-->[:firebase_app_check] AndroidManifest.xml:11:17-82
113            <meta-data
113-->[:firebase_auth] AndroidManifest.xml:9:13-11:85
114                android:name="com.google.firebase.components:io.flutter.plugins.firebase.auth.FlutterFirebaseAuthRegistrar"
114-->[:firebase_auth] AndroidManifest.xml:10:17-124
115                android:value="com.google.firebase.components.ComponentRegistrar" />
115-->[:firebase_auth] AndroidManifest.xml:11:17-82
116            <meta-data
116-->[:firebase_storage] AndroidManifest.xml:9:13-11:85
117                android:name="com.google.firebase.components:io.flutter.plugins.firebase.storage.FlutterFirebaseAppRegistrar"
117-->[:firebase_storage] AndroidManifest.xml:10:17-126
118                android:value="com.google.firebase.components.ComponentRegistrar" />
118-->[:firebase_storage] AndroidManifest.xml:11:17-82
119            <meta-data
119-->[:firebase_core] AndroidManifest.xml:9:13-11:85
120                android:name="com.google.firebase.components:io.flutter.plugins.firebase.core.FlutterFirebaseCoreRegistrar"
120-->[:firebase_core] AndroidManifest.xml:10:17-124
121                android:value="com.google.firebase.components.ComponentRegistrar" />
121-->[:firebase_core] AndroidManifest.xml:11:17-82
122            <meta-data
122-->[com.google.firebase:firebase-auth:22.3.1] AndroidManifest.xml:69:13-71:85
123                android:name="com.google.firebase.components:com.google.firebase.auth.FirebaseAuthRegistrar"
123-->[com.google.firebase:firebase-auth:22.3.1] AndroidManifest.xml:70:17-109
124                android:value="com.google.firebase.components.ComponentRegistrar" />
124-->[com.google.firebase:firebase-auth:22.3.1] AndroidManifest.xml:71:17-82
125            <meta-data
125-->[com.google.firebase:firebase-appcheck-safetynet:16.1.2] AndroidManifest.xml:27:13-29:85
126                android:name="com.google.firebase.components:com.google.firebase.appcheck.safetynet.FirebaseAppCheckSafetyNetRegistrar"
126-->[com.google.firebase:firebase-appcheck-safetynet:16.1.2] AndroidManifest.xml:28:17-136
127                android:value="com.google.firebase.components.ComponentRegistrar" />
127-->[com.google.firebase:firebase-appcheck-safetynet:16.1.2] AndroidManifest.xml:29:17-82
128            <meta-data
128-->[com.google.firebase:firebase-appcheck-debug:17.1.2] AndroidManifest.xml:25:13-27:85
129                android:name="com.google.firebase.components:com.google.firebase.appcheck.debug.FirebaseAppCheckDebugRegistrar"
129-->[com.google.firebase:firebase-appcheck-debug:17.1.2] AndroidManifest.xml:26:17-128
130                android:value="com.google.firebase.components.ComponentRegistrar" />
130-->[com.google.firebase:firebase-appcheck-debug:17.1.2] AndroidManifest.xml:27:17-82
131            <meta-data
131-->[com.google.firebase:firebase-appcheck-playintegrity:17.1.2] AndroidManifest.xml:25:13-27:85
132                android:name="com.google.firebase.components:com.google.firebase.appcheck.playintegrity.FirebaseAppCheckPlayIntegrityRegistrar"
132-->[com.google.firebase:firebase-appcheck-playintegrity:17.1.2] AndroidManifest.xml:26:17-144
133                android:value="com.google.firebase.components.ComponentRegistrar" />
133-->[com.google.firebase:firebase-appcheck-playintegrity:17.1.2] AndroidManifest.xml:27:17-82
134            <meta-data
134-->[com.google.firebase:firebase-storage:20.3.0] AndroidManifest.xml:30:13-32:85
135                android:name="com.google.firebase.components:com.google.firebase.storage.FirebaseStorageKtxRegistrar"
135-->[com.google.firebase:firebase-storage:20.3.0] AndroidManifest.xml:31:17-118
136                android:value="com.google.firebase.components.ComponentRegistrar" />
136-->[com.google.firebase:firebase-storage:20.3.0] AndroidManifest.xml:32:17-82
137            <meta-data
137-->[com.google.firebase:firebase-storage:20.3.0] AndroidManifest.xml:33:13-35:85
138                android:name="com.google.firebase.components:com.google.firebase.storage.StorageRegistrar"
138-->[com.google.firebase:firebase-storage:20.3.0] AndroidManifest.xml:34:17-107
139                android:value="com.google.firebase.components.ComponentRegistrar" />
139-->[com.google.firebase:firebase-storage:20.3.0] AndroidManifest.xml:35:17-82
140            <meta-data
140-->[com.google.firebase:firebase-appcheck:17.1.2] AndroidManifest.xml:25:13-27:85
141                android:name="com.google.firebase.components:com.google.firebase.appcheck.FirebaseAppCheckKtxRegistrar"
141-->[com.google.firebase:firebase-appcheck:17.1.2] AndroidManifest.xml:26:17-120
142                android:value="com.google.firebase.components.ComponentRegistrar" />
142-->[com.google.firebase:firebase-appcheck:17.1.2] AndroidManifest.xml:27:17-82
143            <meta-data
143-->[com.google.firebase:firebase-appcheck:17.1.2] AndroidManifest.xml:28:13-30:85
144                android:name="com.google.firebase.components:com.google.firebase.appcheck.FirebaseAppCheckRegistrar"
144-->[com.google.firebase:firebase-appcheck:17.1.2] AndroidManifest.xml:29:17-117
145                android:value="com.google.firebase.components.ComponentRegistrar" />
145-->[com.google.firebase:firebase-appcheck:17.1.2] AndroidManifest.xml:30:17-82
146            <meta-data
146-->[com.google.firebase:firebase-firestore:24.11.0] AndroidManifest.xml:17:13-19:85
147                android:name="com.google.firebase.components:com.google.firebase.firestore.FirebaseFirestoreKtxRegistrar"
147-->[com.google.firebase:firebase-firestore:24.11.0] AndroidManifest.xml:18:17-122
148                android:value="com.google.firebase.components.ComponentRegistrar" />
148-->[com.google.firebase:firebase-firestore:24.11.0] AndroidManifest.xml:19:17-82
149            <meta-data
149-->[com.google.firebase:firebase-firestore:24.11.0] AndroidManifest.xml:20:13-22:85
150                android:name="com.google.firebase.components:com.google.firebase.firestore.FirestoreRegistrar"
150-->[com.google.firebase:firebase-firestore:24.11.0] AndroidManifest.xml:21:17-111
151                android:value="com.google.firebase.components.ComponentRegistrar" />
151-->[com.google.firebase:firebase-firestore:24.11.0] AndroidManifest.xml:22:17-82
152            <meta-data
152-->[com.google.android.gms:play-services-measurement-api:21.6.1] AndroidManifest.xml:37:13-39:85
153                android:name="com.google.firebase.components:com.google.firebase.analytics.connector.internal.AnalyticsConnectorRegistrar"
153-->[com.google.android.gms:play-services-measurement-api:21.6.1] AndroidManifest.xml:38:17-139
154                android:value="com.google.firebase.components.ComponentRegistrar" />
154-->[com.google.android.gms:play-services-measurement-api:21.6.1] AndroidManifest.xml:39:17-82
155            <meta-data
155-->[com.google.firebase:firebase-installations:17.2.0] AndroidManifest.xml:15:13-17:85
156                android:name="com.google.firebase.components:com.google.firebase.installations.FirebaseInstallationsKtxRegistrar"
156-->[com.google.firebase:firebase-installations:17.2.0] AndroidManifest.xml:16:17-130
157                android:value="com.google.firebase.components.ComponentRegistrar" />
157-->[com.google.firebase:firebase-installations:17.2.0] AndroidManifest.xml:17:17-82
158            <meta-data
158-->[com.google.firebase:firebase-installations:17.2.0] AndroidManifest.xml:18:13-20:85
159                android:name="com.google.firebase.components:com.google.firebase.installations.FirebaseInstallationsRegistrar"
159-->[com.google.firebase:firebase-installations:17.2.0] AndroidManifest.xml:19:17-127
160                android:value="com.google.firebase.components.ComponentRegistrar" />
160-->[com.google.firebase:firebase-installations:17.2.0] AndroidManifest.xml:20:17-82
161            <meta-data
161-->[com.google.firebase:firebase-common-ktx:20.4.3] AndroidManifest.xml:12:13-14:85
162                android:name="com.google.firebase.components:com.google.firebase.ktx.FirebaseCommonLegacyRegistrar"
162-->[com.google.firebase:firebase-common-ktx:20.4.3] AndroidManifest.xml:13:17-116
163                android:value="com.google.firebase.components.ComponentRegistrar" />
163-->[com.google.firebase:firebase-common-ktx:20.4.3] AndroidManifest.xml:14:17-82
164            <meta-data
164-->[com.google.firebase:firebase-common:20.4.3] AndroidManifest.xml:35:13-37:85
165                android:name="com.google.firebase.components:com.google.firebase.FirebaseCommonKtxRegistrar"
165-->[com.google.firebase:firebase-common:20.4.3] AndroidManifest.xml:36:17-109
166                android:value="com.google.firebase.components.ComponentRegistrar" />
166-->[com.google.firebase:firebase-common:20.4.3] AndroidManifest.xml:37:17-82
167        </service>
168        <service
168-->[:geolocator_android] AndroidManifest.xml:8:9-12:56
169            android:name="com.baseflow.geolocator.GeolocatorLocationService"
169-->[:geolocator_android] AndroidManifest.xml:9:13-77
170            android:enabled="true"
170-->[:geolocator_android] AndroidManifest.xml:10:13-35
171            android:exported="false"
171-->[:geolocator_android] AndroidManifest.xml:11:13-37
172            android:foregroundServiceType="location" />
172-->[:geolocator_android] AndroidManifest.xml:12:13-53
173
174        <provider
174-->[:image_picker_android] AndroidManifest.xml:9:9-17:20
175            android:name="io.flutter.plugins.imagepicker.ImagePickerFileProvider"
175-->[:image_picker_android] AndroidManifest.xml:10:13-82
176            android:authorities="com.rapit.myproject.flutter.image_provider"
176-->[:image_picker_android] AndroidManifest.xml:11:13-74
177            android:exported="false"
177-->[:image_picker_android] AndroidManifest.xml:12:13-37
178            android:grantUriPermissions="true" >
178-->[:image_picker_android] AndroidManifest.xml:13:13-47
179            <meta-data
179-->[:image_picker_android] AndroidManifest.xml:14:13-16:75
180                android:name="android.support.FILE_PROVIDER_PATHS"
180-->[:image_picker_android] AndroidManifest.xml:15:17-67
181                android:resource="@xml/flutter_image_picker_file_paths" />
181-->[:image_picker_android] AndroidManifest.xml:16:17-72
182        </provider> <!-- Trigger Google Play services to install the backported photo picker module. -->
183        <service
183-->[:image_picker_android] AndroidManifest.xml:19:9-31:19
184            android:name="com.google.android.gms.metadata.ModuleDependencies"
184-->[:image_picker_android] AndroidManifest.xml:20:13-78
185            android:enabled="false"
185-->[:image_picker_android] AndroidManifest.xml:21:13-36
186            android:exported="false" >
186-->[:image_picker_android] AndroidManifest.xml:22:13-37
187            <intent-filter>
187-->[:image_picker_android] AndroidManifest.xml:24:13-26:29
188                <action android:name="com.google.android.gms.metadata.MODULE_DEPENDENCIES" />
188-->[:image_picker_android] AndroidManifest.xml:25:17-94
188-->[:image_picker_android] AndroidManifest.xml:25:25-91
189            </intent-filter>
190
191            <meta-data
191-->[:image_picker_android] AndroidManifest.xml:28:13-30:36
192                android:name="photopicker_activity:0:required"
192-->[:image_picker_android] AndroidManifest.xml:29:17-63
193                android:value="" />
193-->[:image_picker_android] AndroidManifest.xml:30:17-33
194        </service>
195
196        <activity
196-->[:url_launcher_android] AndroidManifest.xml:8:9-11:74
197            android:name="io.flutter.plugins.urllauncher.WebViewActivity"
197-->[:url_launcher_android] AndroidManifest.xml:9:13-74
198            android:exported="false"
198-->[:url_launcher_android] AndroidManifest.xml:10:13-37
199            android:theme="@android:style/Theme.NoTitleBar.Fullscreen" /> <!-- Needs to be explicitly declared on P+ -->
199-->[:url_launcher_android] AndroidManifest.xml:11:13-71
200        <uses-library
200-->[com.google.android.gms:play-services-maps:18.2.0] AndroidManifest.xml:39:9-41:40
201            android:name="org.apache.http.legacy"
201-->[com.google.android.gms:play-services-maps:18.2.0] AndroidManifest.xml:40:13-50
202            android:required="false" />
202-->[com.google.android.gms:play-services-maps:18.2.0] AndroidManifest.xml:41:13-37
203
204        <activity
204-->[com.google.android.gms:play-services-auth:21.0.0] AndroidManifest.xml:23:9-27:75
205            android:name="com.google.android.gms.auth.api.signin.internal.SignInHubActivity"
205-->[com.google.android.gms:play-services-auth:21.0.0] AndroidManifest.xml:24:13-93
206            android:excludeFromRecents="true"
206-->[com.google.android.gms:play-services-auth:21.0.0] AndroidManifest.xml:25:13-46
207            android:exported="false"
207-->[com.google.android.gms:play-services-auth:21.0.0] AndroidManifest.xml:26:13-37
208            android:theme="@android:style/Theme.Translucent.NoTitleBar" />
208-->[com.google.android.gms:play-services-auth:21.0.0] AndroidManifest.xml:27:13-72
209        <!--
210            Service handling Google Sign-In user revocation. For apps that do not integrate with
211            Google Sign-In, this service will never be started.
212        -->
213        <service
213-->[com.google.android.gms:play-services-auth:21.0.0] AndroidManifest.xml:33:9-37:51
214            android:name="com.google.android.gms.auth.api.signin.RevocationBoundService"
214-->[com.google.android.gms:play-services-auth:21.0.0] AndroidManifest.xml:34:13-89
215            android:exported="true"
215-->[com.google.android.gms:play-services-auth:21.0.0] AndroidManifest.xml:35:13-36
216            android:permission="com.google.android.gms.auth.api.signin.permission.REVOCATION_NOTIFICATION"
216-->[com.google.android.gms:play-services-auth:21.0.0] AndroidManifest.xml:36:13-107
217            android:visibleToInstantApps="true" />
217-->[com.google.android.gms:play-services-auth:21.0.0] AndroidManifest.xml:37:13-48
218
219        <activity
219-->[com.google.firebase:firebase-auth:22.3.1] AndroidManifest.xml:29:9-46:20
220            android:name="com.google.firebase.auth.internal.GenericIdpActivity"
220-->[com.google.firebase:firebase-auth:22.3.1] AndroidManifest.xml:30:13-80
221            android:excludeFromRecents="true"
221-->[com.google.firebase:firebase-auth:22.3.1] AndroidManifest.xml:31:13-46
222            android:exported="true"
222-->[com.google.firebase:firebase-auth:22.3.1] AndroidManifest.xml:32:13-36
223            android:launchMode="singleTask"
223-->[com.google.firebase:firebase-auth:22.3.1] AndroidManifest.xml:33:13-44
224            android:theme="@android:style/Theme.Translucent.NoTitleBar" >
224-->[com.google.firebase:firebase-auth:22.3.1] AndroidManifest.xml:34:13-72
225            <intent-filter>
225-->[com.google.firebase:firebase-auth:22.3.1] AndroidManifest.xml:35:13-45:29
226                <action android:name="android.intent.action.VIEW" />
226-->[com.google.firebase:firebase-auth:22.3.1] AndroidManifest.xml:36:17-69
226-->[com.google.firebase:firebase-auth:22.3.1] AndroidManifest.xml:36:25-66
227
228                <category android:name="android.intent.category.DEFAULT" />
228-->[com.google.firebase:firebase-auth:22.3.1] AndroidManifest.xml:38:17-76
228-->[com.google.firebase:firebase-auth:22.3.1] AndroidManifest.xml:38:27-73
229                <category android:name="android.intent.category.BROWSABLE" />
229-->[com.google.firebase:firebase-auth:22.3.1] AndroidManifest.xml:39:17-78
229-->[com.google.firebase:firebase-auth:22.3.1] AndroidManifest.xml:39:27-75
230
231                <data
231-->src\main\AndroidManifest.xml:61:13-50
232                    android:host="firebase.auth"
233                    android:path="/"
234                    android:scheme="genericidp" />
235            </intent-filter>
236        </activity>
237        <activity
237-->[com.google.firebase:firebase-auth:22.3.1] AndroidManifest.xml:47:9-64:20
238            android:name="com.google.firebase.auth.internal.RecaptchaActivity"
238-->[com.google.firebase:firebase-auth:22.3.1] AndroidManifest.xml:48:13-79
239            android:excludeFromRecents="true"
239-->[com.google.firebase:firebase-auth:22.3.1] AndroidManifest.xml:49:13-46
240            android:exported="true"
240-->[com.google.firebase:firebase-auth:22.3.1] AndroidManifest.xml:50:13-36
241            android:launchMode="singleTask"
241-->[com.google.firebase:firebase-auth:22.3.1] AndroidManifest.xml:51:13-44
242            android:theme="@android:style/Theme.Translucent.NoTitleBar" >
242-->[com.google.firebase:firebase-auth:22.3.1] AndroidManifest.xml:52:13-72
243            <intent-filter>
243-->[com.google.firebase:firebase-auth:22.3.1] AndroidManifest.xml:53:13-63:29
244                <action android:name="android.intent.action.VIEW" />
244-->[com.google.firebase:firebase-auth:22.3.1] AndroidManifest.xml:36:17-69
244-->[com.google.firebase:firebase-auth:22.3.1] AndroidManifest.xml:36:25-66
245
246                <category android:name="android.intent.category.DEFAULT" />
246-->[com.google.firebase:firebase-auth:22.3.1] AndroidManifest.xml:38:17-76
246-->[com.google.firebase:firebase-auth:22.3.1] AndroidManifest.xml:38:27-73
247                <category android:name="android.intent.category.BROWSABLE" />
247-->[com.google.firebase:firebase-auth:22.3.1] AndroidManifest.xml:39:17-78
247-->[com.google.firebase:firebase-auth:22.3.1] AndroidManifest.xml:39:27-75
248
249                <data
249-->src\main\AndroidManifest.xml:61:13-50
250                    android:host="firebase.auth"
251                    android:path="/"
252                    android:scheme="recaptcha" />
253            </intent-filter>
254        </activity>
255        <activity
255-->[com.facebook.android:facebook-common:17.0.0] AndroidManifest.xml:22:9-25:66
256            android:name="com.facebook.FacebookActivity"
256-->[com.facebook.android:facebook-common:17.0.0] AndroidManifest.xml:23:13-57
257            android:configChanges="keyboard|keyboardHidden|screenLayout|screenSize|orientation"
257-->[com.facebook.android:facebook-common:17.0.0] AndroidManifest.xml:24:13-96
258            android:theme="@style/com_facebook_activity_theme" />
258-->[com.facebook.android:facebook-common:17.0.0] AndroidManifest.xml:25:13-63
259        <activity android:name="com.facebook.CustomTabMainActivity" />
259-->[com.facebook.android:facebook-common:17.0.0] AndroidManifest.xml:26:9-71
259-->[com.facebook.android:facebook-common:17.0.0] AndroidManifest.xml:26:19-68
260        <activity
260-->[com.facebook.android:facebook-common:17.0.0] AndroidManifest.xml:27:9-41:20
261            android:name="com.facebook.CustomTabActivity"
261-->[com.facebook.android:facebook-common:17.0.0] AndroidManifest.xml:28:13-58
262            android:exported="true" >
262-->[com.facebook.android:facebook-common:17.0.0] AndroidManifest.xml:29:13-36
263            <intent-filter>
263-->[com.facebook.android:facebook-common:17.0.0] AndroidManifest.xml:31:13-40:29
264                <action android:name="android.intent.action.VIEW" />
264-->[com.google.firebase:firebase-auth:22.3.1] AndroidManifest.xml:36:17-69
264-->[com.google.firebase:firebase-auth:22.3.1] AndroidManifest.xml:36:25-66
265
266                <category android:name="android.intent.category.DEFAULT" />
266-->[com.google.firebase:firebase-auth:22.3.1] AndroidManifest.xml:38:17-76
266-->[com.google.firebase:firebase-auth:22.3.1] AndroidManifest.xml:38:27-73
267                <category android:name="android.intent.category.BROWSABLE" />
267-->[com.google.firebase:firebase-auth:22.3.1] AndroidManifest.xml:39:17-78
267-->[com.google.firebase:firebase-auth:22.3.1] AndroidManifest.xml:39:27-75
268